<?xml version='1.0' encoding='UTF-8'?>
<testsuite hostname="dev" name="aia.channels.EventStreamTest" tests="6" errors="0" failures="1" skipped="0" time="9.122">
                     <properties>
[...]
</properties>
                     <testcase classname="aia.channels.EventStreamTest" name="EventStream must distribute messages" time="0.027">
                                                 
                                               </testcase><testcase classname="aia.channels.EventStreamTest" name="EventStream must monitor hierarchy" time="0.014">
                                                 
                                               </testcase><testcase classname="aia.channels.EventStreamTest" name="EventStream must Ignore other messages" time="3.013">
                                                 
                                               </testcase><testcase classname="aia.channels.EventStreamTest" name="EventStream must unsubscribe messages" time="3.026">
                                                 
                                               </testcase><testcase classname="aia.channels.EventStreamTest" name="OrderMessageBus must deliver Order messages" time="3.029">
                                                 <failure message="assertion failed: received unexpected message Order(me,Akka in Action,1)" type="java.lang.AssertionError">java.lang.AssertionError: assertion failed: received unexpected message Order(me,Akka in Action,1)
	at scala.Predef$.assert(Predef.scala:219)
	at akka.testkit.TestKitBase.expectNoMsg_internal(TestKit.scala:633)
	at akka.testkit.TestKitBase.expectNoMsg(TestKit.scala:629)
	at akka.testkit.TestKitBase.expectNoMsg$(TestKit.scala:629)
	at akka.testkit.TestKit.expectNoMsg(TestKit.scala:831)
	at aia.channels.EventStreamTest.$anonfun$new$7(EventStreamTest.scala:128)
	at org.scalatest.OutcomeOf.outcomeOf(OutcomeOf.scala:85)
	at org.scalatest.OutcomeOf.outcomeOf$(OutcomeOf.scala:83)
	at org.scalatest.OutcomeOf$.outcomeOf(OutcomeOf.scala:104)
	at org.scalatest.Transformer.apply(Transformer.scala:22)
	at org.scalatest.Transformer.apply(Transformer.scala:20)
	at org.scalatest.WordSpecLike$$anon$1.apply(WordSpecLike.scala:1078)
	at org.scalatest.TestSuite.withFixture(TestSuite.scala:196)
	at org.scalatest.TestSuite.withFixture$(TestSuite.scala:195)
	at aia.channels.EventStreamTest.withFixture(EventStreamTest.scala:15)
	at org.scalatest.WordSpecLike.invokeWithFixture$1(WordSpecLike.scala:1076)
	at org.scalatest.WordSpecLike.$anonfun$runTest$1(WordSpecLike.scala:1088)
	at org.scalatest.SuperEngine.runTestImpl(Engine.scala:289)
	at org.scalatest.WordSpecLike.runTest(WordSpecLike.scala:1088)
	at org.scalatest.WordSpecLike.runTest$(WordSpecLike.scala:1070)
	at aia.channels.EventStreamTest.runTest(EventStreamTest.scala:15)
	at org.scalatest.WordSpecLike.$anonfun$runTests$1(WordSpecLike.scala:1147)
	at org.scalatest.SuperEngine.$anonfun$runTestsInBranch$1(Engine.scala:396)
	at scala.collection.immutable.List.foreach(List.scala:389)
	at org.scalatest.SuperEngine.traverseSubNodes$1(Engine.scala:384)
	at org.scalatest.SuperEngine.runTestsInBranch(Engine.scala:373)
	at org.scalatest.SuperEngine.$anonfun$runTestsInBranch$1(Engine.scala:410)
	at scala.collection.immutable.List.foreach(List.scala:389)
	at org.scalatest.SuperEngine.traverseSubNodes$1(Engine.scala:384)
	at org.scalatest.SuperEngine.runTestsInBranch(Engine.scala:379)
	at org.scalatest.SuperEngine.runTestsImpl(Engine.scala:461)
	at org.scalatest.WordSpecLike.runTests(WordSpecLike.scala:1147)
	at org.scalatest.WordSpecLike.runTests$(WordSpecLike.scala:1146)
	at aia.channels.EventStreamTest.runTests(EventStreamTest.scala:15)
	at org.scalatest.Suite.run(Suite.scala:1147)
	at org.scalatest.Suite.run$(Suite.scala:1129)
	at aia.channels.EventStreamTest.org$scalatest$WordSpecLike$$super$run(EventStreamTest.scala:15)
	at org.scalatest.WordSpecLike.$anonfun$run$1(WordSpecLike.scala:1192)
	at org.scalatest.SuperEngine.runImpl(Engine.scala:521)
	at org.scalatest.WordSpecLike.run(WordSpecLike.scala:1192)
	at org.scalatest.WordSpecLike.run$(WordSpecLike.scala:1190)
	at aia.channels.EventStreamTest.org$scalatest$BeforeAndAfterAll$$super$run(EventStreamTest.scala:15)
	at org.scalatest.BeforeAndAfterAll.liftedTree1$1(BeforeAndAfterAll.scala:213)
	at org.scalatest.BeforeAndAfterAll.run(BeforeAndAfterAll.scala:210)
	at org.scalatest.BeforeAndAfterAll.run$(BeforeAndAfterAll.scala:208)
	at aia.channels.EventStreamTest.run(EventStreamTest.scala:15)
	at org.scalatest.tools.Framework.org$scalatest$tools$Framework$$runSuite(Framework.scala:314)
	at org.scalatest.tools.Framework$ScalaTestTask.execute(Framework.scala:499)
	at sbt.TestRunner.runTest$1(TestFramework.scala:76)
	at sbt.TestRunner.run(TestFramework.scala:85)
	at sbt.TestFramework$$anon$2$$anonfun$$init$$1$$anonfun$apply$8.apply(TestFramework.scala:202)
	at sbt.TestFramework$$anon$2$$anonfun$$init$$1$$anonfun$apply$8.apply(TestFramework.scala:202)
	at sbt.TestFramework$.sbt$TestFramework$$withContextLoader(TestFramework.scala:185)
	at sbt.TestFramework$$anon$2$$anonfun$$init$$1.apply(TestFramework.scala:202)
	at sbt.TestFramework$$anon$2$$anonfun$$init$$1.apply(TestFramework.scala:202)
	at sbt.TestFunction.apply(TestFramework.scala:207)
	at sbt.Tests$.sbt$Tests$$processRunnable$1(Tests.scala:239)
	at sbt.Tests$$anonfun$makeSerial$1.apply(Tests.scala:245)
	at sbt.Tests$$anonfun$makeSerial$1.apply(Tests.scala:245)
	at sbt.std.Transform$$anon$3$$anonfun$apply$2.apply(System.scala:44)
	at sbt.std.Transform$$anon$3$$anonfun$apply$2.apply(System.scala:44)
	at sbt.std.Transform$$anon$4.work(System.scala:63)
	at sbt.Execute$$anonfun$submit$1$$anonfun$apply$1.apply(Execute.scala:228)
	at sbt.Execute$$anonfun$submit$1$$anonfun$apply$1.apply(Execute.scala:228)
	at sbt.ErrorHandling$.wideConvert(ErrorHandling.scala:17)
	at sbt.Execute.work(Execute.scala:237)
	at sbt.Execute$$anonfun$submit$1.apply(Execute.scala:228)
	at sbt.Execute$$anonfun$submit$1.apply(Execute.scala:228)
	at sbt.ConcurrentRestrictions$$anon$4$$anonfun$1.apply(ConcurrentRestrictions.scala:159)
	at sbt.CompletionService$$anon$2.call(CompletionService.scala:28)
	at java.util.concurrent.FutureTask.run(FutureTask.java:266)
	at java.util.concurrent.Executors$RunnableAdapter.call(Executors.java:511)
	at java.util.concurrent.FutureTask.run(FutureTask.java:266)
	at java.util.concurrent.ThreadPoolExecutor.runWorker(ThreadPoolExecutor.java:1149)
	at java.util.concurrent.ThreadPoolExecutor$Worker.run(ThreadPoolExecutor.java:624)
	at java.lang.Thread.run(Thread.java:748)
</failure>
                                               </testcase><testcase classname="aia.channels.EventStreamTest" name="OrderMessageBus must deliver order messages when multiple subscriber" time="0.013">
                                                 
                                               </testcase>
                     <system-out></system-out>
                     <system-err></system-err>
                   </testsuite>